[12:24:15] [main/INFO] [GradleStart]: No arguments specified, assuming client.
[12:24:15] [main/INFO] [GradleStart]: Extra: []
[12:24:51] [main/INFO] [GradleStart]: No arguments specified, assuming client.
[12:24:51] [main/INFO] [GradleStart]: Extra: []
[12:28:13] [main/INFO] [GradleStart]: No arguments specified, assuming client.
[12:28:13] [main/INFO] [GradleStart]: Extra: []
[12:28:13] [main/INFO] [GradleStart]: Running with arguments: [--userProperties, {}, --username, ForgeDevName, --tweakClass, cpw.mods.fml.common.launcher.FMLTweaker, --accessToken, {REDACTED}, --assetIndex, {ASSET_INDEX}, --assetsDir, /Users/Alex/.gradle/caches/minecraft/assets, --version, 1.7.10]
[12:28:13] [main/INFO] [LaunchWrapper]: Loading tweak class name cpw.mods.fml.common.launcher.FMLTweaker
[12:28:13] [main/INFO] [LaunchWrapper]: Using primary tweak class name cpw.mods.fml.common.launcher.FMLTweaker
[12:28:13] [main/INFO] [LaunchWrapper]: Calling tweak class cpw.mods.fml.common.launcher.FMLTweaker
[12:32:10] [main/INFO] [GradleStart]: No arguments specified, assuming client.
[12:32:10] [main/INFO] [GradleStart]: Extra: []
[12:32:10] [main/INFO] [GradleStart]: Running with arguments: [--userProperties, {}, --username, ForgeDevName, --tweakClass, cpw.mods.fml.common.launcher.FMLTweaker, --accessToken, {REDACTED}, --assetIndex, {ASSET_INDEX}, --assetsDir, /Users/Alex/.gradle/caches/minecraft/assets, --version, 1.7.10]
[12:32:10] [main/INFO] [LaunchWrapper]: Loading tweak class name cpw.mods.fml.common.launcher.FMLTweaker
[12:32:10] [main/INFO] [LaunchWrapper]: Using primary tweak class name cpw.mods.fml.common.launcher.FMLTweaker
[12:32:10] [main/INFO] [LaunchWrapper]: Calling tweak class cpw.mods.fml.common.launcher.FMLTweaker
[12:13:09] [main/INFO] [GradleStart]: No arguments specified, assuming client.
[12:13:09] [main/INFO] [GradleStart]: Extra: []
[12:13:09] [main/INFO] [GradleStart]: Running with arguments: [--userProperties, {}, --username, ForgeDevName, --tweakClass, cpw.mods.fml.common.launcher.FMLTweaker, --accessToken, {REDACTED}, --assetIndex, {ASSET_INDEX}, --assetsDir, /Users/Alex/.gradle/caches/minecraft/assets, --version, 1.7.10]
[12:13:09] [main/INFO] [LaunchWrapper]: Loading tweak class name cpw.mods.fml.common.launcher.FMLTweaker
[12:13:09] [main/INFO] [LaunchWrapper]: Using primary tweak class name cpw.mods.fml.common.launcher.FMLTweaker
[12:13:09] [main/INFO] [LaunchWrapper]: Calling tweak class cpw.mods.fml.common.launcher.FMLTweaker
[12:18:06] [main/INFO] [GradleStart]: No arguments specified, assuming client.
[12:18:06] [main/INFO] [GradleStart]: Extra: []
[12:18:06] [main/INFO] [GradleStart]: Running with arguments: [--userProperties, {}, --username, ForgeDevName, --tweakClass, cpw.mods.fml.common.launcher.FMLTweaker, --accessToken, {REDACTED}, --assetIndex, {ASSET_INDEX}, --assetsDir, /Users/Alex/.gradle/caches/minecraft/assets, --version, 1.7.10]
[12:18:06] [main/INFO] [LaunchWrapper]: Loading tweak class name cpw.mods.fml.common.launcher.FMLTweaker
[12:18:06] [main/INFO] [LaunchWrapper]: Using primary tweak class name cpw.mods.fml.common.launcher.FMLTweaker
[12:18:06] [main/INFO] [LaunchWrapper]: Calling tweak class cpw.mods.fml.common.launcher.FMLTweaker
[12:20:27] [main/INFO] [GradleStart]: No arguments specified, assuming client.
[12:20:27] [main/INFO] [GradleStart]: Extra: []
[12:20:27] [main/INFO] [GradleStart]: Running with arguments: [--userProperties, {}, --username, ForgeDevName, --tweakClass, cpw.mods.fml.common.launcher.FMLTweaker, --accessToken, {REDACTED}, --assetIndex, {ASSET_INDEX}, --assetsDir, /Users/Alex/.gradle/caches/minecraft/assets, --version, 1.7.10]
[12:20:27] [main/INFO] [LaunchWrapper]: Loading tweak class name cpw.mods.fml.common.launcher.FMLTweaker
[12:20:27] [main/INFO] [LaunchWrapper]: Using primary tweak class name cpw.mods.fml.common.launcher.FMLTweaker
[12:20:27] [main/INFO] [LaunchWrapper]: Calling tweak class cpw.mods.fml.common.launcher.FMLTweaker
[12:21:14] [main/INFO] [GradleStart]: No arguments specified, assuming client.
[12:21:14] [main/INFO] [GradleStart]: Extra: []
[12:21:14] [main/INFO] [GradleStart]: Running with arguments: [--userProperties, {}, --username, ForgeDevName, --tweakClass, cpw.mods.fml.common.launcher.FMLTweaker, --accessToken, {REDACTED}, --assetIndex, {ASSET_INDEX}, --assetsDir, /Users/Alex/.gradle/caches/minecraft/assets, --version, 1.7.10]
[12:21:14] [main/INFO] [LaunchWrapper]: Loading tweak class name cpw.mods.fml.common.launcher.FMLTweaker
[12:21:14] [main/INFO] [LaunchWrapper]: Using primary tweak class name cpw.mods.fml.common.launcher.FMLTweaker
[12:21:14] [main/INFO] [LaunchWrapper]: Calling tweak class cpw.mods.fml.common.launcher.FMLTweaker
[12:25:12] [main/INFO] [GradleStart]: No arguments specified, assuming client.
[12:25:12] [main/INFO] [GradleStart]: Extra: []
[12:25:12] [main/INFO] [GradleStart]: Running with arguments: [--userProperties, {}, --username, ForgeDevName, --tweakClass, cpw.mods.fml.common.launcher.FMLTweaker, --accessToken, {REDACTED}, --assetIndex, {ASSET_INDEX}, --assetsDir, /Users/Alex/.gradle/caches/minecraft/assets, --version, 1.7.10]
[12:25:12] [main/INFO] [LaunchWrapper]: Loading tweak class name cpw.mods.fml.common.launcher.FMLTweaker
[12:25:12] [main/INFO] [LaunchWrapper]: Using primary tweak class name cpw.mods.fml.common.launcher.FMLTweaker
[12:25:12] [main/INFO] [LaunchWrapper]: Calling tweak class cpw.mods.fml.common.launcher.FMLTweaker
[12:27:19] [main/INFO] [GradleStart]: No arguments specified, assuming client.
[12:27:19] [main/INFO] [GradleStart]: Extra: []
[12:27:19] [main/INFO] [GradleStart]: Running with arguments: [--userProperties, {}, --username, ForgeDevName, --tweakClass, cpw.mods.fml.common.launcher.FMLTweaker, --accessToken, {REDACTED}, --assetIndex, {ASSET_INDEX}, --assetsDir, /Users/Alex/.gradle/caches/minecraft/assets, --version, 1.7.10]
[12:27:20] [main/INFO] [LaunchWrapper]: Loading tweak class name cpw.mods.fml.common.launcher.FMLTweaker
[12:27:20] [main/INFO] [LaunchWrapper]: Using primary tweak class name cpw.mods.fml.common.launcher.FMLTweaker
[12:27:20] [main/INFO] [LaunchWrapper]: Calling tweak class cpw.mods.fml.common.launcher.FMLTweaker
[12:28:07] [main/INFO] [GradleStart]: No arguments specified, assuming client.
[12:28:07] [main/INFO] [GradleStart]: Extra: []
[12:28:07] [main/INFO] [GradleStart]: Running with arguments: [--userProperties, {}, --username, ForgeDevName, --tweakClass, cpw.mods.fml.common.launcher.FMLTweaker, --accessToken, {REDACTED}, --assetIndex, {ASSET_INDEX}, --assetsDir, /Users/Alex/.gradle/caches/minecraft/assets, --version, 1.7.10]
[12:28:07] [main/INFO] [LaunchWrapper]: Loading tweak class name cpw.mods.fml.common.launcher.FMLTweaker
[12:28:07] [main/INFO] [LaunchWrapper]: Using primary tweak class name cpw.mods.fml.common.launcher.FMLTweaker
[12:28:07] [main/INFO] [LaunchWrapper]: Calling tweak class cpw.mods.fml.common.launcher.FMLTweaker
[12:31:59] [main/INFO] [GradleStart]: No arguments specified, assuming client.
[12:31:59] [main/INFO] [GradleStart]: Extra: []
[12:31:59] [main/INFO] [GradleStart]: Running with arguments: [--userProperties, {}, --username, ForgeDevName, --tweakClass, cpw.mods.fml.common.launcher.FMLTweaker, --accessToken, {REDACTED}, --assetIndex, {ASSET_INDEX}, --assetsDir, /Users/Alex/.gradle/caches/minecraft/assets, --version, 1.7.10]
[12:31:59] [main/INFO] [LaunchWrapper]: Loading tweak class name cpw.mods.fml.common.launcher.FMLTweaker
[12:31:59] [main/INFO] [LaunchWrapper]: Using primary tweak class name cpw.mods.fml.common.launcher.FMLTweaker
[12:31:59] [main/INFO] [LaunchWrapper]: Calling tweak class cpw.mods.fml.common.launcher.FMLTweaker
[12:34:45] [main/INFO] [GradleStart]: No arguments specified, assuming client.
[12:34:45] [main/INFO] [GradleStart]: Extra: []
[12:34:45] [main/INFO] [GradleStart]: Running with arguments: [--userProperties, {}, --username, ForgeDevName, --tweakClass, cpw.mods.fml.common.launcher.FMLTweaker, --accessToken, {REDACTED}, --assetIndex, {ASSET_INDEX}, --assetsDir, /Users/Alex/.gradle/caches/minecraft/assets, --version, 1.7.10]
[12:34:46] [main/INFO] [LaunchWrapper]: Loading tweak class name cpw.mods.fml.common.launcher.FMLTweaker
[12:34:46] [main/INFO] [LaunchWrapper]: Using primary tweak class name cpw.mods.fml.common.launcher.FMLTweaker
[12:34:46] [main/INFO] [LaunchWrapper]: Calling tweak class cpw.mods.fml.common.launcher.FMLTweaker
[12:37:55] [main/INFO] [GradleStart]: No arguments specified, assuming client.
[12:37:55] [main/INFO] [GradleStart]: Extra: []
[12:37:55] [main/INFO] [GradleStart]: Running with arguments: [--userProperties, {}, --username, ForgeDevName, --tweakClass, cpw.mods.fml.common.launcher.FMLTweaker, --accessToken, {REDACTED}, --assetIndex, {ASSET_INDEX}, --assetsDir, /Users/Alex/.gradle/caches/minecraft/assets, --version, 1.7.10]
[12:37:55] [main/INFO] [LaunchWrapper]: Loading tweak class name cpw.mods.fml.common.launcher.FMLTweaker
[12:37:55] [main/INFO] [LaunchWrapper]: Using primary tweak class name cpw.mods.fml.common.launcher.FMLTweaker
[12:37:55] [main/INFO] [LaunchWrapper]: Calling tweak class cpw.mods.fml.common.launcher.FMLTweaker
[13:07:13] [main/INFO] [GradleStart]: No arguments specified, assuming client.
[13:07:13] [main/INFO] [GradleStart]: Extra: []
[13:07:13] [main/INFO] [GradleStart]: Running with arguments: [--userProperties, {}, --username, ForgeDevName, --tweakClass, cpw.mods.fml.common.launcher.FMLTweaker, --accessToken, {REDACTED}, --assetIndex, {ASSET_INDEX}, --assetsDir, /Users/Alex/.gradle/caches/minecraft/assets, --version, 1.7.10]
[13:07:13] [main/INFO] [LaunchWrapper]: Loading tweak class name cpw.mods.fml.common.launcher.FMLTweaker
[13:07:13] [main/INFO] [LaunchWrapper]: Using primary tweak class name cpw.mods.fml.common.launcher.FMLTweaker
[13:07:13] [main/INFO] [LaunchWrapper]: Calling tweak class cpw.mods.fml.common.launcher.FMLTweaker
[13:09:41] [main/INFO] [GradleStart]: No arguments specified, assuming client.
[13:09:41] [main/INFO] [GradleStart]: Extra: []
[13:09:41] [main/INFO] [GradleStart]: Running with arguments: [--userProperties, {}, --username, ForgeDevName, --tweakClass, cpw.mods.fml.common.launcher.FMLTweaker, --accessToken, {REDACTED}, --assetIndex, {ASSET_INDEX}, --assetsDir, /Users/Alex/.gradle/caches/minecraft/assets, --version, 1.7.10]
[13:09:41] [main/INFO] [LaunchWrapper]: Loading tweak class name cpw.mods.fml.common.launcher.FMLTweaker
[13:09:41] [main/INFO] [LaunchWrapper]: Using primary tweak class name cpw.mods.fml.common.launcher.FMLTweaker
[13:09:41] [main/INFO] [LaunchWrapper]: Calling tweak class cpw.mods.fml.common.launcher.FMLTweaker
[13:11:48] [main/INFO] [GradleStart]: No arguments specified, assuming client.
[13:11:48] [main/INFO] [GradleStart]: Extra: []
[13:11:48] [main/INFO] [GradleStart]: Running with arguments: [--userProperties, {}, --username, ForgeDevName, --tweakClass, cpw.mods.fml.common.launcher.FMLTweaker, --accessToken, {REDACTED}, --assetIndex, {ASSET_INDEX}, --assetsDir, /Users/Alex/.gradle/caches/minecraft/assets, --version, 1.7.10]
[13:11:48] [main/INFO] [LaunchWrapper]: Loading tweak class name cpw.mods.fml.common.launcher.FMLTweaker
[13:11:48] [main/INFO] [LaunchWrapper]: Using primary tweak class name cpw.mods.fml.common.launcher.FMLTweaker
[13:11:48] [main/INFO] [LaunchWrapper]: Calling tweak class cpw.mods.fml.common.launcher.FMLTweaker
[13:21:31] [main/INFO] [GradleStart]: No arguments specified, assuming client.
[13:21:31] [main/INFO] [GradleStart]: Extra: []
[13:21:31] [main/INFO] [GradleStart]: Running with arguments: [--userProperties, {}, --username, ForgeDevName, --tweakClass, cpw.mods.fml.common.launcher.FMLTweaker, --accessToken, {REDACTED}, --assetIndex, {ASSET_INDEX}, --assetsDir, /Users/Alex/.gradle/caches/minecraft/assets, --version, 1.7.10]
[13:21:31] [main/INFO] [LaunchWrapper]: Loading tweak class name cpw.mods.fml.common.launcher.FMLTweaker
[13:21:31] [main/INFO] [LaunchWrapper]: Using primary tweak class name cpw.mods.fml.common.launcher.FMLTweaker
[13:21:31] [main/INFO] [LaunchWrapper]: Calling tweak class cpw.mods.fml.common.launcher.FMLTweaker
[13:30:36] [main/INFO] [GradleStart]: No arguments specified, assuming client.
[13:30:36] [main/INFO] [GradleStart]: Extra: []
[13:30:36] [main/INFO] [GradleStart]: Running with arguments: [--userProperties, {}, --username, ForgeDevName, --tweakClass, cpw.mods.fml.common.launcher.FMLTweaker, --accessToken, {REDACTED}, --assetIndex, {ASSET_INDEX}, --assetsDir, /Users/Alex/.gradle/caches/minecraft/assets, --version, 1.7.10]
[13:30:36] [main/INFO] [LaunchWrapper]: Loading tweak class name cpw.mods.fml.common.launcher.FMLTweaker
[13:30:36] [main/INFO] [LaunchWrapper]: Using primary tweak class name cpw.mods.fml.common.launcher.FMLTweaker
[13:30:36] [main/INFO] [LaunchWrapper]: Calling tweak class cpw.mods.fml.common.launcher.FMLTweaker
[13:37:26] [main/INFO] [GradleStart]: No arguments specified, assuming client.
[13:37:26] [main/INFO] [GradleStart]: Extra: []
[13:37:26] [main/INFO] [GradleStart]: Running with arguments: [--userProperties, {}, --username, ForgeDevName, --tweakClass, cpw.mods.fml.common.launcher.FMLTweaker, --accessToken, {REDACTED}, --assetIndex, {ASSET_INDEX}, --assetsDir, /Users/Alex/.gradle/caches/minecraft/assets, --version, 1.7.10]
[13:37:26] [main/INFO] [LaunchWrapper]: Loading tweak class name cpw.mods.fml.common.launcher.FMLTweaker
[13:37:26] [main/INFO] [LaunchWrapper]: Using primary tweak class name cpw.mods.fml.common.launcher.FMLTweaker
[13:37:26] [main/INFO] [LaunchWrapper]: Calling tweak class cpw.mods.fml.common.launcher.FMLTweaker
[13:15:12] [main/INFO] [GradleStart]: No arguments specified, assuming client.
[13:15:12] [main/INFO] [GradleStart]: Extra: []
[13:15:12] [main/INFO] [GradleStart]: Running with arguments: [--userProperties, {}, --username, ForgeDevName, --tweakClass, cpw.mods.fml.common.launcher.FMLTweaker, --accessToken, {REDACTED}, --assetIndex, {ASSET_INDEX}, --assetsDir, /Users/Alex/.gradle/caches/minecraft/assets, --version, 1.7.10]
[13:15:12] [main/INFO] [LaunchWrapper]: Loading tweak class name cpw.mods.fml.common.launcher.FMLTweaker
[13:15:12] [main/INFO] [LaunchWrapper]: Using primary tweak class name cpw.mods.fml.common.launcher.FMLTweaker
[13:15:12] [main/INFO] [LaunchWrapper]: Calling tweak class cpw.mods.fml.common.launcher.FMLTweaker
[13:32:41] [main/INFO] [GradleStart]: No arguments specified, assuming client.
[13:32:41] [main/INFO] [GradleStart]: Extra: []
[13:32:41] [main/INFO] [GradleStart]: Running with arguments: [--userProperties, {}, --username, ForgeDevName, --tweakClass, cpw.mods.fml.common.launcher.FMLTweaker, --accessToken, {REDACTED}, --assetIndex, {ASSET_INDEX}, --assetsDir, /Users/Alex/.gradle/caches/minecraft/assets, --version, 1.7.10]
[13:32:41] [main/INFO] [LaunchWrapper]: Loading tweak class name cpw.mods.fml.common.launcher.FMLTweaker
[13:32:41] [main/INFO] [LaunchWrapper]: Using primary tweak class name cpw.mods.fml.common.launcher.FMLTweaker
[13:32:41] [main/INFO] [LaunchWrapper]: Calling tweak class cpw.mods.fml.common.launcher.FMLTweaker
[13:33:49] [main/INFO] [GradleStart]: No arguments specified, assuming client.
[13:33:49] [main/INFO] [GradleStart]: Extra: []
[13:33:49] [main/INFO] [GradleStart]: Running with arguments: [--userProperties, {}, --username, ForgeDevName, --tweakClass, cpw.mods.fml.common.launcher.FMLTweaker, --accessToken, {REDACTED}, --assetIndex, {ASSET_INDEX}, --assetsDir, /Users/Alex/.gradle/caches/minecraft/assets, --version, 1.7.10]
[13:33:49] [main/INFO] [LaunchWrapper]: Loading tweak class name cpw.mods.fml.common.launcher.FMLTweaker
[13:33:49] [main/INFO] [LaunchWrapper]: Using primary tweak class name cpw.mods.fml.common.launcher.FMLTweaker
[13:33:49] [main/INFO] [LaunchWrapper]: Calling tweak class cpw.mods.fml.common.launcher.FMLTweaker
[13:36:16] [main/INFO] [GradleStart]: No arguments specified, assuming client.
[13:36:16] [main/INFO] [GradleStart]: Extra: []
[13:36:16] [main/INFO] [GradleStart]: Running with arguments: [--userProperties, {}, --username, ForgeDevName, --tweakClass, cpw.mods.fml.common.launcher.FMLTweaker, --accessToken, {REDACTED}, --assetIndex, {ASSET_INDEX}, --assetsDir, /Users/Alex/.gradle/caches/minecraft/assets, --version, 1.7.10]
[13:36:16] [main/INFO] [LaunchWrapper]: Loading tweak class name cpw.mods.fml.common.launcher.FMLTweaker
[13:36:16] [main/INFO] [LaunchWrapper]: Using primary tweak class name cpw.mods.fml.common.launcher.FMLTweaker
[13:36:16] [main/INFO] [LaunchWrapper]: Calling tweak class cpw.mods.fml.common.launcher.FMLTweaker
[13:37:32] [main/INFO] [GradleStart]: No arguments specified, assuming client.
[13:37:32] [main/INFO] [GradleStart]: Extra: []
[13:37:32] [main/INFO] [GradleStart]: Running with arguments: [--userProperties, {}, --username, ForgeDevName, --tweakClass, cpw.mods.fml.common.launcher.FMLTweaker, --accessToken, {REDACTED}, --assetIndex, {ASSET_INDEX}, --assetsDir, /Users/Alex/.gradle/caches/minecraft/assets, --version, 1.7.10]
[13:37:32] [main/INFO] [LaunchWrapper]: Loading tweak class name cpw.mods.fml.common.launcher.FMLTweaker
[13:37:32] [main/INFO] [LaunchWrapper]: Using primary tweak class name cpw.mods.fml.common.launcher.FMLTweaker
[13:37:32] [main/INFO] [LaunchWrapper]: Calling tweak class cpw.mods.fml.common.launcher.FMLTweaker
[13:40:24] [main/INFO] [GradleStart]: No arguments specified, assuming client.
[13:40:24] [main/INFO] [GradleStart]: Extra: []
[13:40:24] [main/INFO] [GradleStart]: Running with arguments: [--userProperties, {}, --username, ForgeDevName, --tweakClass, cpw.mods.fml.common.launcher.FMLTweaker, --accessToken, {REDACTED}, --assetIndex, {ASSET_INDEX}, --assetsDir, /Users/Alex/.gradle/caches/minecraft/assets, --version, 1.7.10]
[13:40:24] [main/INFO] [LaunchWrapper]: Loading tweak class name cpw.mods.fml.common.launcher.FMLTweaker
[13:40:24] [main/INFO] [LaunchWrapper]: Using primary tweak class name cpw.mods.fml.common.launcher.FMLTweaker
[13:40:24] [main/INFO] [LaunchWrapper]: Calling tweak class cpw.mods.fml.common.launcher.FMLTweaker
[13:42:16] [main/INFO] [GradleStart]: No arguments specified, assuming client.
[13:42:16] [main/INFO] [GradleStart]: Extra: []
[13:42:16] [main/INFO] [GradleStart]: Running with arguments: [--userProperties, {}, --username, ForgeDevName, --tweakClass, cpw.mods.fml.common.launcher.FMLTweaker, --accessToken, {REDACTED}, --assetIndex, {ASSET_INDEX}, --assetsDir, /Users/Alex/.gradle/caches/minecraft/assets, --version, 1.7.10]
[13:42:17] [main/INFO] [LaunchWrapper]: Loading tweak class name cpw.mods.fml.common.launcher.FMLTweaker
[13:42:17] [main/INFO] [LaunchWrapper]: Using primary tweak class name cpw.mods.fml.common.launcher.FMLTweaker
[13:42:17] [main/INFO] [LaunchWrapper]: Calling tweak class cpw.mods.fml.common.launcher.FMLTweaker
[13:44:46] [main/INFO] [GradleStart]: No arguments specified, assuming client.
[13:44:46] [main/INFO] [GradleStart]: Extra: []
[13:44:46] [main/INFO] [GradleStart]: Running with arguments: [--userProperties, {}, --username, ForgeDevName, --tweakClass, cpw.mods.fml.common.launcher.FMLTweaker, --accessToken, {REDACTED}, --assetIndex, {ASSET_INDEX}, --assetsDir, /Users/Alex/.gradle/caches/minecraft/assets, --version, 1.7.10]
[13:44:46] [main/INFO] [LaunchWrapper]: Loading tweak class name cpw.mods.fml.common.launcher.FMLTweaker
[13:44:46] [main/INFO] [LaunchWrapper]: Using primary tweak class name cpw.mods.fml.common.launcher.FMLTweaker
[13:44:46] [main/INFO] [LaunchWrapper]: Calling tweak class cpw.mods.fml.common.launcher.FMLTweaker
[13:46:38] [main/INFO] [GradleStart]: No arguments specified, assuming client.
[13:46:38] [main/INFO] [GradleStart]: Extra: []
[13:46:38] [main/INFO] [GradleStart]: Running with arguments: [--userProperties, {}, --username, ForgeDevName, --tweakClass, cpw.mods.fml.common.launcher.FMLTweaker, --accessToken, {REDACTED}, --assetIndex, {ASSET_INDEX}, --assetsDir, /Users/Alex/.gradle/caches/minecraft/assets, --version, 1.7.10]
[13:46:38] [main/INFO] [LaunchWrapper]: Loading tweak class name cpw.mods.fml.common.launcher.FMLTweaker
[13:46:38] [main/INFO] [LaunchWrapper]: Using primary tweak class name cpw.mods.fml.common.launcher.FMLTweaker
[13:46:38] [main/INFO] [LaunchWrapper]: Calling tweak class cpw.mods.fml.common.launcher.FMLTweaker
[13:47:50] [main/INFO] [GradleStart]: No arguments specified, assuming client.
[13:47:50] [main/INFO] [GradleStart]: Extra: []
[13:47:50] [main/INFO] [GradleStart]: Running with arguments: [--userProperties, {}, --username, ForgeDevName, --tweakClass, cpw.mods.fml.common.launcher.FMLTweaker, --accessToken, {REDACTED}, --assetIndex, {ASSET_INDEX}, --assetsDir, /Users/Alex/.gradle/caches/minecraft/assets, --version, 1.7.10]
[13:47:50] [main/INFO] [LaunchWrapper]: Loading tweak class name cpw.mods.fml.common.launcher.FMLTweaker
[13:47:50] [main/INFO] [LaunchWrapper]: Using primary tweak class name cpw.mods.fml.common.launcher.FMLTweaker
[13:47:50] [main/INFO] [LaunchWrapper]: Calling tweak class cpw.mods.fml.common.launcher.FMLTweaker
[14:29:19] [main/INFO] [GradleStart]: No arguments specified, assuming client.
[14:29:19] [main/INFO] [GradleStart]: Extra: []
[14:29:19] [main/INFO] [GradleStart]: Running with arguments: [--userProperties, {}, --username, ForgeDevName, --tweakClass, cpw.mods.fml.common.launcher.FMLTweaker, --accessToken, {REDACTED}, --assetIndex, {ASSET_INDEX}, --assetsDir, /Users/Alex/.gradle/caches/minecraft/assets, --version, 1.7.10]
[14:29:19] [main/INFO] [LaunchWrapper]: Loading tweak class name cpw.mods.fml.common.launcher.FMLTweaker
[14:29:19] [main/INFO] [LaunchWrapper]: Using primary tweak class name cpw.mods.fml.common.launcher.FMLTweaker
[14:29:19] [main/INFO] [LaunchWrapper]: Calling tweak class cpw.mods.fml.common.launcher.FMLTweaker
[14:31:17] [main/INFO] [GradleStart]: No arguments specified, assuming client.
[14:31:17] [main/INFO] [GradleStart]: Extra: []
[14:31:17] [main/INFO] [GradleStart]: Running with arguments: [--userProperties, {}, --username, ForgeDevName, --tweakClass, cpw.mods.fml.common.launcher.FMLTweaker, --accessToken, {REDACTED}, --assetIndex, {ASSET_INDEX}, --assetsDir, /Users/Alex/.gradle/caches/minecraft/assets, --version, 1.7.10]
[14:31:17] [main/INFO] [LaunchWrapper]: Loading tweak class name cpw.mods.fml.common.launcher.FMLTweaker
[14:31:17] [main/INFO] [LaunchWrapper]: Using primary tweak class name cpw.mods.fml.common.launcher.FMLTweaker
[14:31:17] [main/INFO] [LaunchWrapper]: Calling tweak class cpw.mods.fml.common.launcher.FMLTweaker
[14:33:43] [main/INFO] [GradleStart]: No arguments specified, assuming client.
[14:33:43] [main/INFO] [GradleStart]: Extra: []
[14:33:43] [main/INFO] [GradleStart]: Running with arguments: [--userProperties, {}, --username, ForgeDevName, --tweakClass, cpw.mods.fml.common.launcher.FMLTweaker, --accessToken, {REDACTED}, --assetIndex, {ASSET_INDEX}, --assetsDir, /Users/Alex/.gradle/caches/minecraft/assets, --version, 1.7.10]
[14:33:43] [main/INFO] [LaunchWrapper]: Loading tweak class name cpw.mods.fml.common.launcher.FMLTweaker
[14:33:43] [main/INFO] [LaunchWrapper]: Using primary tweak class name cpw.mods.fml.common.launcher.FMLTweaker
[14:33:43] [main/INFO] [LaunchWrapper]: Calling tweak class cpw.mods.fml.common.launcher.FMLTweaker
[14:34:51] [main/INFO] [GradleStart]: No arguments specified, assuming client.
[14:34:51] [main/INFO] [GradleStart]: Extra: []
[14:34:51] [main/INFO] [GradleStart]: Running with arguments: [--userProperties, {}, --username, ForgeDevName, --tweakClass, cpw.mods.fml.common.launcher.FMLTweaker, --accessToken, {REDACTED}, --assetIndex, {ASSET_INDEX}, --assetsDir, /Users/Alex/.gradle/caches/minecraft/assets, --version, 1.7.10]
[14:34:51] [main/INFO] [LaunchWrapper]: Loading tweak class name cpw.mods.fml.common.launcher.FMLTweaker
[14:34:51] [main/INFO] [LaunchWrapper]: Using primary tweak class name cpw.mods.fml.common.launcher.FMLTweaker
[14:34:51] [main/INFO] [LaunchWrapper]: Calling tweak class cpw.mods.fml.common.launcher.FMLTweaker
[14:47:01] [main/INFO] [GradleStart]: No arguments specified, assuming client.
[14:47:01] [main/INFO] [GradleStart]: Extra: []
[14:47:01] [main/INFO] [GradleStart]: Running with arguments: [--userProperties, {}, --username, ForgeDevName, --tweakClass, cpw.mods.fml.common.launcher.FMLTweaker, --accessToken, {REDACTED}, --assetIndex, {ASSET_INDEX}, --assetsDir, /Users/Alex/.gradle/caches/minecraft/assets, --version, 1.7.10]
[14:47:01] [main/INFO] [LaunchWrapper]: Loading tweak class name cpw.mods.fml.common.launcher.FMLTweaker
[14:47:01] [main/INFO] [LaunchWrapper]: Using primary tweak class name cpw.mods.fml.common.launcher.FMLTweaker
[14:47:01] [main/INFO] [LaunchWrapper]: Calling tweak class cpw.mods.fml.common.launcher.FMLTweaker
[15:57:04] [main/INFO] [GradleStart]: No arguments specified, assuming client.
[15:57:04] [main/INFO] [GradleStart]: Extra: []
[15:57:04] [main/INFO] [GradleStart]: Running with arguments: [--userProperties, {}, --username, ForgeDevName, --tweakClass, cpw.mods.fml.common.launcher.FMLTweaker, --accessToken, {REDACTED}, --assetIndex, {ASSET_INDEX}, --assetsDir, /Users/Alex/.gradle/caches/minecraft/assets, --version, 1.7.10]
[15:57:04] [main/INFO] [LaunchWrapper]: Loading tweak class name cpw.mods.fml.common.launcher.FMLTweaker
[15:57:04] [main/INFO] [LaunchWrapper]: Using primary tweak class name cpw.mods.fml.common.launcher.FMLTweaker
[15:57:04] [main/INFO] [LaunchWrapper]: Calling tweak class cpw.mods.fml.common.launcher.FMLTweaker
[15:58:13] [main/INFO] [GradleStart]: No arguments specified, assuming client.
[15:58:13] [main/INFO] [GradleStart]: Extra: []
[15:58:13] [main/INFO] [GradleStart]: Running with arguments: [--userProperties, {}, --username, ForgeDevName, --tweakClass, cpw.mods.fml.common.launcher.FMLTweaker, --accessToken, {REDACTED}, --assetIndex, {ASSET_INDEX}, --assetsDir, /Users/Alex/.gradle/caches/minecraft/assets, --version, 1.7.10]
[15:58:13] [main/INFO] [LaunchWrapper]: Loading tweak class name cpw.mods.fml.common.launcher.FMLTweaker
[15:58:13] [main/INFO] [LaunchWrapper]: Using primary tweak class name cpw.mods.fml.common.launcher.FMLTweaker
[15:58:13] [main/INFO] [LaunchWrapper]: Calling tweak class cpw.mods.fml.common.launcher.FMLTweaker
[14:56:06] [main/INFO] [GradleStart]: No arguments specified, assuming client.
[14:56:06] [main/INFO] [GradleStart]: Extra: []
[14:56:06] [main/INFO] [GradleStart]: Running with arguments: [--userProperties, {}, --username, ForgeDevName, --tweakClass, cpw.mods.fml.common.launcher.FMLTweaker, --accessToken, {REDACTED}, --assetIndex, {ASSET_INDEX}, --assetsDir, /Users/Alex/.gradle/caches/minecraft/assets, --version, 1.7.10]
[14:56:06] [main/INFO] [LaunchWrapper]: Loading tweak class name cpw.mods.fml.common.launcher.FMLTweaker
[14:56:06] [main/INFO] [LaunchWrapper]: Using primary tweak class name cpw.mods.fml.common.launcher.FMLTweaker
[14:56:06] [main/INFO] [LaunchWrapper]: Calling tweak class cpw.mods.fml.common.launcher.FMLTweaker
[14:57:32] [main/INFO] [GradleStart]: No arguments specified, assuming client.
[14:57:32] [main/INFO] [GradleStart]: Extra: []
[14:57:33] [main/INFO] [GradleStart]: Running with arguments: [--userProperties, {}, --username, ForgeDevName, --tweakClass, cpw.mods.fml.common.launcher.FMLTweaker, --accessToken, {REDACTED}, --assetIndex, {ASSET_INDEX}, --assetsDir, /Users/Alex/.gradle/caches/minecraft/assets, --version, 1.7.10]
[14:57:33] [main/INFO] [LaunchWrapper]: Loading tweak class name cpw.mods.fml.common.launcher.FMLTweaker
[14:57:33] [main/INFO] [LaunchWrapper]: Using primary tweak class name cpw.mods.fml.common.launcher.FMLTweaker
[14:57:33] [main/INFO] [LaunchWrapper]: Calling tweak class cpw.mods.fml.common.launcher.FMLTweaker
[15:00:12] [main/INFO] [GradleStart]: No arguments specified, assuming client.
[15:00:12] [main/INFO] [GradleStart]: Extra: []
[15:00:12] [main/INFO] [GradleStart]: Running with arguments: [--userProperties, {}, --username, ForgeDevName, --tweakClass, cpw.mods.fml.common.launcher.FMLTweaker, --accessToken, {REDACTED}, --assetIndex, 1.7.10, --assetsDir, /Users/Alex/.gradle/caches/minecraft/assets, --version, 1.7.10]
[15:00:12] [main/INFO] [LaunchWrapper]: Loading tweak class name cpw.mods.fml.common.launcher.FMLTweaker
[15:00:12] [main/INFO] [LaunchWrapper]: Using primary tweak class name cpw.mods.fml.common.launcher.FMLTweaker
[15:00:12] [main/INFO] [LaunchWrapper]: Calling tweak class cpw.mods.fml.common.launcher.FMLTweaker
