[15:00:16] [main/INFO]: Setting user: ForgeDevName
[15:00:18] [Client thread/INFO]: LWJGL Version: 2.9.1
[15:00:24] [Client thread/INFO]: Reloading ResourceManager: Default, FMLFileResourcePack:Forge Mod Loader, FMLFileResourcePack:Minecraft Forge, FMLFileResourcePack:TimeLordHowl's SpiritOres Mod
[15:00:26] [Sound Library Loader/INFO]: Sound engine started
[15:00:27] [Client thread/INFO]: Created: 512x256 textures/blocks-atlas
[15:00:27] [Client thread/INFO]: Created: 256x256 textures/items-atlas
[15:00:27] [Client thread/INFO]: Reloading ResourceManager: Default, FMLFileResourcePack:Forge Mod Loader, FMLFileResourcePack:Minecraft Forge, FMLFileResourcePack:TimeLordHowl's SpiritOres Mod
[15:00:28] [Client thread/INFO]: Created: 512x256 textures/items-atlas
[15:00:28] [Client thread/ERROR]: Using missing texture, unable to load minecraft:textures/blocks/wood.png
java.io.FileNotFoundException: minecraft:textures/blocks/wood.png
	at net.minecraft.client.resources.FallbackResourceManager.getResource(FallbackResourceManager.java:65) ~[FallbackResourceManager.class:?]
	at net.minecraft.client.resources.SimpleReloadableResourceManager.getResource(SimpleReloadableResourceManager.java:67) ~[SimpleReloadableResourceManager.class:?]
	at net.minecraft.client.renderer.texture.TextureMap.loadTextureAtlas(TextureMap.java:126) [TextureMap.class:?]
	at net.minecraft.client.renderer.texture.TextureMap.loadTexture(TextureMap.java:91) [TextureMap.class:?]
	at net.minecraft.client.renderer.texture.TextureManager.loadTexture(TextureManager.java:89) [TextureManager.class:?]
	at net.minecraft.client.renderer.texture.TextureManager.onResourceManagerReload(TextureManager.java:170) [TextureManager.class:?]
	at net.minecraft.client.resources.SimpleReloadableResourceManager.notifyReloadListeners(SimpleReloadableResourceManager.java:134) [SimpleReloadableResourceManager.class:?]
	at net.minecraft.client.resources.SimpleReloadableResourceManager.reloadResources(SimpleReloadableResourceManager.java:118) [SimpleReloadableResourceManager.class:?]
	at net.minecraft.client.Minecraft.refreshResources(Minecraft.java:653) [Minecraft.class:?]
	at cpw.mods.fml.client.FMLClientHandler.finishMinecraftLoading(FMLClientHandler.java:303) [FMLClientHandler.class:?]
	at net.minecraft.client.Minecraft.startGame(Minecraft.java:596) [Minecraft.class:?]
	at net.minecraft.client.Minecraft.run(Minecraft.java:941) [Minecraft.class:?]
	at net.minecraft.client.main.Main.main(Main.java:164) [Main.class:?]
	at sun.reflect.NativeMethodAccessorImpl.invoke0(Native Method) ~[?:1.7.0_40]
	at sun.reflect.NativeMethodAccessorImpl.invoke(NativeMethodAccessorImpl.java:57) ~[?:1.7.0_40]
	at sun.reflect.DelegatingMethodAccessorImpl.invoke(DelegatingMethodAccessorImpl.java:43) ~[?:1.7.0_40]
	at java.lang.reflect.Method.invoke(Method.java:606) ~[?:1.7.0_40]
	at net.minecraft.launchwrapper.Launch.launch(Launch.java:134) [launchwrapper-1.9.jar:?]
	at net.minecraft.launchwrapper.Launch.main(Launch.java:28) [launchwrapper-1.9.jar:?]
	at sun.reflect.NativeMethodAccessorImpl.invoke0(Native Method) ~[?:1.7.0_40]
	at sun.reflect.NativeMethodAccessorImpl.invoke(NativeMethodAccessorImpl.java:57) ~[?:1.7.0_40]
	at sun.reflect.DelegatingMethodAccessorImpl.invoke(DelegatingMethodAccessorImpl.java:43) ~[?:1.7.0_40]
	at java.lang.reflect.Method.invoke(Method.java:606) ~[?:1.7.0_40]
	at GradleStart.bounce(GradleStart.java:107) [start/:?]
	at GradleStart.startClient(GradleStart.java:100) [start/:?]
	at GradleStart.main(GradleStart.java:55) [start/:?]
[15:00:28] [Client thread/INFO]: Created: 512x256 textures/blocks-atlas
[15:00:29] [Sound Library Loader/INFO]: Sound engine started
[15:00:34] [Server thread/INFO]: Starting integrated minecraft server version 1.7.10
[15:00:34] [Server thread/INFO]: Generating keypair
[15:00:35] [Server thread/INFO]: Preparing start region for level 0
[15:00:36] [Server thread/INFO]: Preparing spawn area: 48%
[15:00:37] [Server thread/INFO]: Changing view distance to 12, from 10
[15:00:37] [Server thread/INFO]: ForgeDevName[local:E:7b85038e] logged in with entity id 317 at (74.70055023065215, 73.0, 131.17586010413143)
[15:00:37] [Server thread/INFO]: ForgeDevName joined the game
[15:01:16] [Server thread/INFO]: [ForgeDevName: Cleared the inventory of ForgeDevName, removing 1 items]
[15:01:16] [Client thread/INFO]: [CHAT] Cleared the inventory of ForgeDevName, removing 1 items
[15:01:31] [Server thread/INFO]: Saving and pausing game...
[15:01:31] [Server thread/INFO]: Saving chunks for level 'SpiritOres Test'/Overworld
[15:01:31] [Server thread/INFO]: Saving chunks for level 'SpiritOres Test'/Nether
[15:01:31] [Server thread/INFO]: Saving chunks for level 'SpiritOres Test'/The End
[15:01:31] [Server thread/INFO]: Stopping server
[15:01:31] [Server thread/INFO]: Saving players
[15:01:31] [Server thread/INFO]: Saving worlds
[15:01:31] [Server thread/INFO]: Saving chunks for level 'SpiritOres Test'/Overworld
[15:01:31] [Server thread/INFO]: Saving chunks for level 'SpiritOres Test'/Nether
[15:01:31] [Server thread/INFO]: Saving chunks for level 'SpiritOres Test'/The End
[15:01:32] [Client thread/INFO]: Stopping!
